bwmpc258
System during compilation: Rocky Linux release 8.8 (Green Obsidian)
                           x86_64
System now               : Rocky Linux release 8.8 (Green Obsidian)
                           x86_64

Processing generateMetadata.C(1035)...
== Creating list as list_run1035.txt. Please be patient.
== Done! Enjoy analysis!
[1;33m== [STCore] You set the decoder to analyze seperated data files.
            Make sure to call this method right after the instance created![0m
#Cobo: 0; dataFilePath: /data/RB230064/rawdata/fribdaq//cobo00/17Jun2024-231518-run-1035-00.evt
== [GETFileChecker] File exist: /data/RB230064/rawdata/fribdaq//cobo00/17Jun2024-231518-run-1035-00.evt
#Cobo: 1; dataFilePath: /data/RB230064/rawdata/fribdaq//cobo01/17Jun2024-231518-run-1035-00.evt
== [GETFileChecker] File exist: /data/RB230064/rawdata/fribdaq//cobo01/17Jun2024-231518-run-1035-00.evt
#Cobo: 2; dataFilePath: /data/RB230064/rawdata/fribdaq//cobo02/17Jun2024-231518-run-1035-00.evt
== [GETFileChecker] File exist: /data/RB230064/rawdata/fribdaq//cobo02/17Jun2024-231518-run-1035-00.evt
#Cobo: 3; dataFilePath: /data/RB230064/rawdata/fribdaq//cobo03/17Jun2024-231518-run-1035-00.evt
== [GETFileChecker] File exist: /data/RB230064/rawdata/fribdaq//cobo03/17Jun2024-231518-run-1035-00.evt
#Cobo: 4; dataFilePath: /data/RB230064/rawdata/fribdaq//cobo04/17Jun2024-231518-run-1035-00.evt
== [GETFileChecker] File exist: /data/RB230064/rawdata/fribdaq//cobo04/17Jun2024-231518-run-1035-00.evt
#Cobo: 5; dataFilePath: /data/RB230064/rawdata/fribdaq//cobo05/17Jun2024-231518-run-1035-00.evt
== [GETFileChecker] File exist: /data/RB230064/rawdata/fribdaq//cobo05/17Jun2024-231518-run-1035-00.evt
#Cobo: 6; dataFilePath: /data/RB230064/rawdata/fribdaq//cobo06/17Jun2024-231518-run-1035-00.evt
== [GETFileChecker] File exist: /data/RB230064/rawdata/fribdaq//cobo06/17Jun2024-231518-run-1035-00.evt
#Cobo: 7; dataFilePath: /data/RB230064/rawdata/fribdaq//cobo07/17Jun2024-231518-run-1035-00.evt
== [GETFileChecker] File exist: /data/RB230064/rawdata/fribdaq//cobo07/17Jun2024-231518-run-1035-00.evt
#Cobo: 8; dataFilePath: /data/RB230064/rawdata/fribdaq//cobo08/17Jun2024-231518-run-1035-00.evt
== [GETFileChecker] File exist: /data/RB230064/rawdata/fribdaq//cobo08/17Jun2024-231518-run-1035-00.evt
#Cobo: 9; dataFilePath: /data/RB230064/rawdata/fribdaq//cobo09/17Jun2024-231518-run-1035-00.evt
== [GETFileChecker] File exist: /data/RB230064/rawdata/fribdaq//cobo09/17Jun2024-231518-run-1035-00.evt
#Cobo: 10; dataFilePath: /data/RB230064/rawdata/fribdaq//cobo10/17Jun2024-231518-run-1035-00.evt
== [GETFileChecker] File exist: /data/RB230064/rawdata/fribdaq//cobo10/17Jun2024-231518-run-1035-00.evt
#Cobo: 11; dataFilePath: /data/RB230064/rawdata/fribdaq//cobo11/17Jun2024-231518-run-1035-00.evt
== [GETFileChecker] File exist: /data/RB230064/rawdata/fribdaq//cobo11/17Jun2024-231518-run-1035-00.evt
== [GETDecoder] /data/RB230064/rawdata/fribdaq/cobo00/17Jun2024-231518-run-1035-00.evt is opened!
== [GETDecoder] Frame Type: FRIBDAQ RingItems
== [GETDecoder] /data/RB230064/rawdata/fribdaq/cobo01/17Jun2024-231518-run-1035-00.evt is opened!
== [GETDecoder] Frame Type: FRIBDAQ RingItems
== [GETDecoder] /data/RB230064/rawdata/fribdaq/cobo02/17Jun2024-231518-run-1035-00.evt is opened!
== [GETDecoder] Frame Type: FRIBDAQ RingItems
== [GETDecoder] /data/RB230064/rawdata/fribdaq/cobo03/17Jun2024-231518-run-1035-00.evt is opened!
== [GETDecoder] Frame Type: FRIBDAQ RingItems
== [GETDecoder] /data/RB230064/rawdata/fribdaq/cobo04/17Jun2024-231518-run-1035-00.evt is opened!
== [GETDecoder] Frame Type: FRIBDAQ RingItems
== [GETDecoder] /data/RB230064/rawdata/fribdaq/cobo05/17Jun2024-231518-run-1035-00.evt is opened!
== [GETDecoder] Frame Type: FRIBDAQ RingItems
== [GETDecoder] /data/RB230064/rawdata/fribdaq/cobo06/17Jun2024-231518-run-1035-00.evt is opened!
== [GETDecoder] Frame Type: FRIBDAQ RingItems
== [GETDecoder] /data/RB230064/rawdata/fribdaq/cobo07/17Jun2024-231518-run-1035-00.evt is opened!
== [GETDecoder] Frame Type: FRIBDAQ RingItems
== [GETDecoder] /data/RB230064/rawdata/fribdaq/cobo08/17Jun2024-231518-run-1035-00.evt is opened!
== [GETDecoder] Frame Type: FRIBDAQ RingItems
== [GETDecoder] /data/RB230064/rawdata/fribdaq/cobo09/17Jun2024-231518-run-1035-00.evt is opened!
== [GETDecoder] Frame Type: FRIBDAQ RingItems
== [GETDecoder] /data/RB230064/rawdata/fribdaq/cobo10/17Jun2024-231518-run-1035-00.evt is opened!
== [GETDecoder] Frame Type: FRIBDAQ RingItems
== [GETDecoder] /data/RB230064/rawdata/fribdaq/cobo11/17Jun2024-231518-run-1035-00.evt is opened!
== [GETDecoder] Frame Type: FRIBDAQ RingItems
== [GETDecoder] End of data list!
== [GETDecoder] End of data list!
== [GETDecoder] End of data list!
== [GETDecoder] End of data list!
== [GETDecoder] End of data list!
== [GETDecoder] End of data list!
== [GETDecoder] End of data list!
== [GETDecoder] End of data list!
== [GETDecoder] End of data list!
== [GETDecoder] End of data list!
== [GETDecoder] End of data list!
== [GETDecoder] End of data list!
Error in <TList::Clear>: A list is accessing an object (0x146b25fa48a0) already deleted (list name = TList)
Error in <TList::Clear>: A list is accessing an object (0x146b247d9500) already deleted (list name = TList)
malloc(): unaligned tcache chunk detected
srun: error: bwmpc258: task 0: Exited with exit code 6
